2022-05-27 13:53:02.646 [TestNG-tests-4] INFO  test.ValidateNavigation - Instanciando page object: landing page
2022-05-27 13:53:02.646 [TestNG-tests-2] INFO  test.LoginTest - Instanciando page object: landing page
2022-05-27 13:53:02.646 [TestNG-tests-5] INFO  test.ValidateTitleTest - Instanciando Page Object: LandingPage
2022-05-27 13:53:02.646 [TestNG-tests-1] INFO  action.CriarContaAction - Instanciando page object: home page
2022-05-27 13:53:02.649 [TestNG-tests-2] INFO  test.LoginTest - Instanciando page object: login page
2022-05-27 13:53:02.650 [TestNG-tests-2] INFO  test.LoginTest - Instanciando page object: ForgotPassword
2022-05-27 13:53:02.650 [TestNG-tests-1] INFO  action.CriarContaAction - Instanciando page object: login page
2022-05-27 13:53:02.651 [TestNG-tests-1] INFO  action.CriarContaAction - Instanciando page object: criar conta page
2022-05-27 13:53:02.653 [TestNG-tests-1] INFO  action.CriarContaAction - Instanciando page object: home page
2022-05-27 13:53:02.654 [TestNG-tests-2] INFO  test.LoginTest - Configurando browser para abrir com firefox
2022-05-27 13:53:03.987 [TestNG-tests-4] DEBUG io.netty.util.internal.logging.InternalLoggerFactory - Using Log4J2 as the default logging framework
2022-05-27 13:53:03.992 [TestNG-tests-4] DEBUG io.netty.util.ResourceLeakDetector - -Dio.netty.leakDetection.level: simple
2022-05-27 13:53:03.992 [TestNG-tests-4] DEBUG io.netty.util.ResourceLeakDetector - -Dio.netty.leakDetection.targetRecords: 4
2022-05-27 13:53:03.994 [TestNG-tests-4] DEBUG io.netty.util.ResourceLeakDetectorFactory - Loaded default ResourceLeakDetector: io.netty.util.ResourceLeakDetector@21d75643
2022-05-27 13:53:04.014 [TestNG-tests-4] DEBUG io.netty.util.internal.PlatformDependent0 - -Dio.netty.noUnsafe: false
2022-05-27 13:53:04.014 [TestNG-tests-4] DEBUG io.netty.util.internal.PlatformDependent0 - Java version: 8
2022-05-27 13:53:04.015 [TestNG-tests-4] DEBUG io.netty.util.internal.PlatformDependent0 - sun.misc.Unsafe.theUnsafe: available
2022-05-27 13:53:04.016 [TestNG-tests-4] DEBUG io.netty.util.internal.PlatformDependent0 - sun.misc.Unsafe.copyMemory: available
2022-05-27 13:53:04.016 [TestNG-tests-4] DEBUG io.netty.util.internal.PlatformDependent0 - java.nio.Buffer.address: available
2022-05-27 13:53:04.017 [TestNG-tests-4] DEBUG io.netty.util.internal.PlatformDependent0 - direct buffer constructor: available
2022-05-27 13:53:04.017 [TestNG-tests-4] DEBUG io.netty.util.internal.PlatformDependent0 - java.nio.Bits.unaligned: available, true
2022-05-27 13:53:04.018 [TestNG-tests-4] DEBUG io.netty.util.internal.PlatformDependent0 - jdk.internal.misc.Unsafe.allocateUninitializedArray(int): unavailable prior to Java9
2022-05-27 13:53:04.018 [TestNG-tests-4] DEBUG io.netty.util.internal.PlatformDependent0 - java.nio.DirectByteBuffer.<init>(long, int): available
2022-05-27 13:53:04.018 [TestNG-tests-4] DEBUG io.netty.util.internal.PlatformDependent - sun.misc.Unsafe: available
2022-05-27 13:53:04.018 [TestNG-tests-4] DEBUG io.netty.util.internal.PlatformDependent - -Dio.netty.tmpdir: /tmp (java.io.tmpdir)
2022-05-27 13:53:04.018 [TestNG-tests-4] DEBUG io.netty.util.internal.PlatformDependent - -Dio.netty.bitMode: 64 (sun.arch.data.model)
2022-05-27 13:53:04.019 [TestNG-tests-4] DEBUG io.netty.util.internal.PlatformDependent - -Dio.netty.maxDirectMemory: 3659530240 bytes
2022-05-27 13:53:04.019 [TestNG-tests-4] DEBUG io.netty.util.internal.PlatformDependent - -Dio.netty.uninitializedArrayAllocationThreshold: -1
2022-05-27 13:53:04.020 [TestNG-tests-4] DEBUG io.netty.util.internal.CleanerJava6 - java.nio.ByteBuffer.cleaner(): available
2022-05-27 13:53:04.020 [TestNG-tests-4] DEBUG io.netty.util.internal.PlatformDependent - -Dio.netty.noPreferDirect: false
2022-05-27 13:53:04.025 [TestNG-tests-4] DEBUG io.netty.util.internal.PlatformDependent - org.jctools-core.MpscChunkedArrayQueue: available
2022-05-27 13:53:04.036 [TestNG-tests-4] DEBUG io.netty.util.internal.InternalThreadLocalMap - -Dio.netty.threadLocalMap.stringBuilder.initialSize: 1024
2022-05-27 13:53:04.036 [TestNG-tests-4] DEBUG io.netty.util.internal.InternalThreadLocalMap - -Dio.netty.threadLocalMap.stringBuilder.maxSize: 4096
2022-05-27 13:53:04.048 [TestNG-tests-4] DEBUG io.netty.handler.ssl.JdkSslContext - Default protocols (JDK): [TLSv1.2] 
2022-05-27 13:53:04.048 [TestNG-tests-4] DEBUG io.netty.handler.ssl.JdkSslContext - Default cipher suites (JDK): [TLS_ECDHE_ECDSA_WITH_AES_256_GCM_SHA384, TLS_ECDHE_ECDSA_WITH_AES_128_GCM_SHA256, TLS_ECDHE_RSA_WITH_AES_128_GCM_SHA256, TLS_ECDHE_RSA_WITH_AES_256_GCM_SHA384, TLS_ECDHE_RSA_WITH_AES_128_CBC_SHA, TLS_ECDHE_RSA_WITH_AES_256_CBC_SHA, TLS_RSA_WITH_AES_128_GCM_SHA256, TLS_RSA_WITH_AES_128_CBC_SHA, TLS_RSA_WITH_AES_256_CBC_SHA, TLS_AES_128_GCM_SHA256, TLS_AES_256_GCM_SHA384]
2022-05-27 13:53:04.064 [TestNG-tests-4] DEBUG io.netty.channel.MultithreadEventLoopGroup - -Dio.netty.eventLoopThreads: 16
2022-05-27 13:53:04.073 [TestNG-tests-4] DEBUG io.netty.channel.nio.NioEventLoop - -Dio.netty.noKeySetOptimization: false
2022-05-27 13:53:04.073 [TestNG-tests-4] DEBUG io.netty.channel.nio.NioEventLoop - -Dio.netty.selectorAutoRebuildThreshold: 512
2022-05-27 13:53:04.075 [TestNG-tests-4] TRACE io.netty.channel.nio.NioEventLoop - instrumented a special java.util.Set into: sun.nio.ch.EPollSelectorImpl@a643faf
2022-05-27 13:53:04.075 [TestNG-tests-4] TRACE io.netty.channel.nio.NioEventLoop - instrumented a special java.util.Set into: sun.nio.ch.EPollSelectorImpl@40c5514e
2022-05-27 13:53:04.075 [TestNG-tests-4] TRACE io.netty.channel.nio.NioEventLoop - instrumented a special java.util.Set into: sun.nio.ch.EPollSelectorImpl@6b7787be
2022-05-27 13:53:04.076 [TestNG-tests-4] TRACE io.netty.channel.nio.NioEventLoop - instrumented a special java.util.Set into: sun.nio.ch.EPollSelectorImpl@2d82e677
2022-05-27 13:53:04.076 [TestNG-tests-4] TRACE io.netty.channel.nio.NioEventLoop - instrumented a special java.util.Set into: sun.nio.ch.EPollSelectorImpl@175b37d1
2022-05-27 13:53:04.076 [TestNG-tests-4] TRACE io.netty.channel.nio.NioEventLoop - instrumented a special java.util.Set into: sun.nio.ch.EPollSelectorImpl@7d7e5b55
2022-05-27 13:53:04.076 [TestNG-tests-4] TRACE io.netty.channel.nio.NioEventLoop - instrumented a special java.util.Set into: sun.nio.ch.EPollSelectorImpl@2ae36933
2022-05-27 13:53:04.076 [TestNG-tests-4] TRACE io.netty.channel.nio.NioEventLoop - instrumented a special java.util.Set into: sun.nio.ch.EPollSelectorImpl@10e89346
2022-05-27 13:53:04.076 [TestNG-tests-4] TRACE io.netty.channel.nio.NioEventLoop - instrumented a special java.util.Set into: sun.nio.ch.EPollSelectorImpl@5ec3cb35
2022-05-27 13:53:04.076 [TestNG-tests-4] TRACE io.netty.channel.nio.NioEventLoop - instrumented a special java.util.Set into: sun.nio.ch.EPollSelectorImpl@51e8874b
2022-05-27 13:53:04.076 [TestNG-tests-4] TRACE io.netty.channel.nio.NioEventLoop - instrumented a special java.util.Set into: sun.nio.ch.EPollSelectorImpl@60f3d6b4
2022-05-27 13:53:04.076 [TestNG-tests-4] TRACE io.netty.channel.nio.NioEventLoop - instrumented a special java.util.Set into: sun.nio.ch.EPollSelectorImpl@34d51b4f
2022-05-27 13:53:04.076 [TestNG-tests-4] TRACE io.netty.channel.nio.NioEventLoop - instrumented a special java.util.Set into: sun.nio.ch.EPollSelectorImpl@748ff483
2022-05-27 13:53:04.077 [TestNG-tests-4] TRACE io.netty.channel.nio.NioEventLoop - instrumented a special java.util.Set into: sun.nio.ch.EPollSelectorImpl@6148f786
2022-05-27 13:53:04.077 [TestNG-tests-4] TRACE io.netty.channel.nio.NioEventLoop - instrumented a special java.util.Set into: sun.nio.ch.EPollSelectorImpl@1f70cb6d
2022-05-27 13:53:04.077 [TestNG-tests-4] TRACE io.netty.channel.nio.NioEventLoop - instrumented a special java.util.Set into: sun.nio.ch.EPollSelectorImpl@363a4af
2022-05-27 13:53:04.098 [TestNG-tests-4] DEBUG io.netty.buffer.PooledByteBufAllocator - -Dio.netty.allocator.numHeapArenas: 16
2022-05-27 13:53:04.098 [TestNG-tests-4] DEBUG io.netty.buffer.PooledByteBufAllocator - -Dio.netty.allocator.numDirectArenas: 16
2022-05-27 13:53:04.098 [TestNG-tests-4] DEBUG io.netty.buffer.PooledByteBufAllocator - -Dio.netty.allocator.pageSize: 8192
2022-05-27 13:53:04.098 [TestNG-tests-4] DEBUG io.netty.buffer.PooledByteBufAllocator - -Dio.netty.allocator.maxOrder: 9
2022-05-27 13:53:04.098 [TestNG-tests-4] DEBUG io.netty.buffer.PooledByteBufAllocator - -Dio.netty.allocator.chunkSize: 4194304
2022-05-27 13:53:04.098 [TestNG-tests-4] DEBUG io.netty.buffer.PooledByteBufAllocator - -Dio.netty.allocator.smallCacheSize: 256
2022-05-27 13:53:04.098 [TestNG-tests-4] DEBUG io.netty.buffer.PooledByteBufAllocator - -Dio.netty.allocator.normalCacheSize: 64
2022-05-27 13:53:04.098 [TestNG-tests-4] DEBUG io.netty.buffer.PooledByteBufAllocator - -Dio.netty.allocator.maxCachedBufferCapacity: 32768
2022-05-27 13:53:04.098 [TestNG-tests-4] DEBUG io.netty.buffer.PooledByteBufAllocator - -Dio.netty.allocator.cacheTrimInterval: 8192
2022-05-27 13:53:04.098 [TestNG-tests-4] DEBUG io.netty.buffer.PooledByteBufAllocator - -Dio.netty.allocator.cacheTrimIntervalMillis: 0
2022-05-27 13:53:04.098 [TestNG-tests-4] DEBUG io.netty.buffer.PooledByteBufAllocator - -Dio.netty.allocator.useCacheForAllThreads: false
2022-05-27 13:53:04.098 [TestNG-tests-4] DEBUG io.netty.buffer.PooledByteBufAllocator - -Dio.netty.allocator.maxCachedByteBuffersPerChunk: 1023
2022-05-27 13:53:04.109 [TestNG-tests-4] DEBUG io.netty.buffer.ByteBufUtil - -Dio.netty.allocator.type: pooled
2022-05-27 13:53:04.109 [TestNG-tests-4] DEBUG io.netty.buffer.ByteBufUtil - -Dio.netty.threadLocalDirectBufferSize: 0
2022-05-27 13:53:04.109 [TestNG-tests-4] DEBUG io.netty.buffer.ByteBufUtil - -Dio.netty.maxThreadLocalCharBufferSize: 16384
2022-05-27 13:53:04.335 [Forwarding newSession on session null to remote] DEBUG io.netty.channel.DefaultChannelId - -Dio.netty.processId: 55557 (auto-detected)
2022-05-27 13:53:04.337 [Forwarding newSession on session null to remote] DEBUG io.netty.util.NetUtil - -Djava.net.preferIPv4Stack: false
2022-05-27 13:53:04.337 [Forwarding newSession on session null to remote] DEBUG io.netty.util.NetUtil - -Djava.net.preferIPv6Addresses: false
2022-05-27 13:53:04.338 [Forwarding newSession on session null to remote] DEBUG io.netty.util.NetUtilInitializations - Loopback interface: lo (lo, 0:0:0:0:0:0:0:1%lo)
2022-05-27 13:53:04.339 [Forwarding newSession on session null to remote] DEBUG io.netty.util.NetUtil - /proc/sys/net/core/somaxconn: 4096
2022-05-27 13:53:04.340 [Forwarding newSession on session null to remote] DEBUG io.netty.channel.DefaultChannelId - -Dio.netty.machineId: 5c:e4:2a:ff:fe:f8:d9:46 (auto-detected)
2022-05-27 13:53:04.419 [AsyncHttpClient-1-2] DEBUG io.netty.buffer.AbstractByteBuf - -Dio.netty.buffer.checkAccessible: true
2022-05-27 13:53:04.419 [AsyncHttpClient-1-2] DEBUG io.netty.buffer.AbstractByteBuf - -Dio.netty.buffer.checkBounds: true
2022-05-27 13:53:04.419 [AsyncHttpClient-1-2] DEBUG io.netty.util.ResourceLeakDetectorFactory - Loaded default ResourceLeakDetector: io.netty.util.ResourceLeakDetector@4eeeb2b7
2022-05-27 13:53:04.438 [AsyncHttpClient-1-2] DEBUG io.netty.util.Recycler - -Dio.netty.recycler.maxCapacityPerThread: 4096
2022-05-27 13:53:04.439 [AsyncHttpClient-1-2] DEBUG io.netty.util.Recycler - -Dio.netty.recycler.ratio: 8
2022-05-27 13:53:04.439 [AsyncHttpClient-1-2] DEBUG io.netty.util.Recycler - -Dio.netty.recycler.chunkSize: 32
2022-05-27 13:53:04.439 [AsyncHttpClient-1-2] DEBUG io.netty.util.Recycler - -Dio.netty.recycler.blocking: false
2022-05-27 13:53:08.628 [AsyncHttpClient-1-4] DEBUG io.netty.handler.codec.compression.Brotli - brotli4j not in the classpath; Brotli support will be unavailable.
2022-05-27 13:53:18.208 [TestNG-tests-1] INFO  action.CriarContaAction - Indo para a página principal
2022-05-27 13:53:23.587 [TestNG-tests-1] INFO  action.CriarContaAction - Clicado no botão signIn
2022-05-27 13:53:33.728 [TestNG-tests-1] ERROR listeners.Listeners - realizarCadastroTest Teste falhou
2022-05-27 13:53:38.914 [TestNG-tests-5] ERROR listeners.Listeners - validarLogin Teste pulou
2022-05-27 13:53:39.132 [TestNG-tests-2] ERROR listeners.Listeners - login Teste falhou
2022-05-27 13:53:39.229 [TestNG-tests-4] ERROR listeners.Listeners - validarLogin Teste pulou
2022-05-27 13:53:41.195 [TestNG-tests-2] INFO  test.LoginTest - Navegando para home page
2022-05-27 13:53:43.965 [TestNG-tests-2] INFO  test.LoginTest - Indo pra página de login
2022-05-27 13:53:44.017 [TestNG-tests-2] INFO  test.LoginTest - Inserindo e-mail
2022-05-27 13:53:44.064 [TestNG-tests-2] INFO  test.LoginTest - Inserindo senha
2022-05-27 13:53:44.064 [TestNG-tests-2] INFO  test.LoginTest - restrcted user
2022-05-27 13:53:44.117 [TestNG-tests-2] INFO  test.LoginTest - Apertando no botão de login
2022-05-27 13:53:45.191 [TestNG-tests-2] DEBUG io.netty.util.internal.ThreadLocalRandom - -Dio.netty.initialSeedUniquifier: 0xd2640710bf8c29a6
2022-05-27 13:53:58.223 [TestNG-tests-3] ERROR listeners.Listeners - fazerCompra Teste falhou
2022-05-27 13:55:57.544 [TestNG-tests-5] INFO  test.ValidateTitleTest - Instanciando Page Object: LandingPage
2022-05-27 13:55:57.544 [TestNG-tests-4] INFO  test.ValidateNavigation - Instanciando page object: landing page
2022-05-27 13:55:57.544 [TestNG-tests-1] INFO  action.CriarContaAction - Instanciando page object: home page
2022-05-27 13:55:57.546 [TestNG-tests-1] INFO  action.CriarContaAction - Instanciando page object: login page
2022-05-27 13:55:57.547 [TestNG-tests-1] INFO  action.CriarContaAction - Instanciando page object: criar conta page
2022-05-27 13:55:57.547 [TestNG-tests-1] INFO  action.CriarContaAction - Instanciando page object: home page
2022-05-27 13:55:57.544 [TestNG-tests-2] INFO  test.LoginTest - Instanciando page object: landing page
2022-05-27 13:55:57.548 [TestNG-tests-2] INFO  test.LoginTest - Instanciando page object: login page
2022-05-27 13:55:57.548 [TestNG-tests-2] INFO  test.LoginTest - Instanciando page object: ForgotPassword
2022-05-27 13:55:57.549 [TestNG-tests-2] INFO  test.LoginTest - Configurando browser para abrir com firefox
2022-05-27 13:55:57.959 [TestNG-tests-3] DEBUG io.netty.util.internal.logging.InternalLoggerFactory - Using Log4J2 as the default logging framework
2022-05-27 13:55:57.966 [TestNG-tests-3] DEBUG io.netty.util.ResourceLeakDetector - -Dio.netty.leakDetection.level: simple
2022-05-27 13:55:57.966 [TestNG-tests-3] DEBUG io.netty.util.ResourceLeakDetector - -Dio.netty.leakDetection.targetRecords: 4
2022-05-27 13:55:57.970 [TestNG-tests-3] DEBUG io.netty.util.ResourceLeakDetectorFactory - Loaded default ResourceLeakDetector: io.netty.util.ResourceLeakDetector@4beb0f53
2022-05-27 13:55:57.984 [TestNG-tests-3] DEBUG io.netty.util.internal.PlatformDependent0 - -Dio.netty.noUnsafe: false
2022-05-27 13:55:57.984 [TestNG-tests-3] DEBUG io.netty.util.internal.PlatformDependent0 - Java version: 8
2022-05-27 13:55:57.984 [TestNG-tests-3] DEBUG io.netty.util.internal.PlatformDependent0 - sun.misc.Unsafe.theUnsafe: available
2022-05-27 13:55:57.985 [TestNG-tests-3] DEBUG io.netty.util.internal.PlatformDependent0 - sun.misc.Unsafe.copyMemory: available
2022-05-27 13:55:57.985 [TestNG-tests-3] DEBUG io.netty.util.internal.PlatformDependent0 - java.nio.Buffer.address: available
2022-05-27 13:55:57.985 [TestNG-tests-3] DEBUG io.netty.util.internal.PlatformDependent0 - direct buffer constructor: available
2022-05-27 13:55:57.986 [TestNG-tests-3] DEBUG io.netty.util.internal.PlatformDependent0 - java.nio.Bits.unaligned: available, true
2022-05-27 13:55:57.986 [TestNG-tests-3] DEBUG io.netty.util.internal.PlatformDependent0 - jdk.internal.misc.Unsafe.allocateUninitializedArray(int): unavailable prior to Java9
2022-05-27 13:55:57.986 [TestNG-tests-3] DEBUG io.netty.util.internal.PlatformDependent0 - java.nio.DirectByteBuffer.<init>(long, int): available
2022-05-27 13:55:57.986 [TestNG-tests-3] DEBUG io.netty.util.internal.PlatformDependent - sun.misc.Unsafe: available
2022-05-27 13:55:57.986 [TestNG-tests-3] DEBUG io.netty.util.internal.PlatformDependent - -Dio.netty.tmpdir: /tmp (java.io.tmpdir)
2022-05-27 13:55:57.986 [TestNG-tests-3] DEBUG io.netty.util.internal.PlatformDependent - -Dio.netty.bitMode: 64 (sun.arch.data.model)
2022-05-27 13:55:57.987 [TestNG-tests-3] DEBUG io.netty.util.internal.PlatformDependent - -Dio.netty.maxDirectMemory: 3659530240 bytes
2022-05-27 13:55:57.987 [TestNG-tests-3] DEBUG io.netty.util.internal.PlatformDependent - -Dio.netty.uninitializedArrayAllocationThreshold: -1
2022-05-27 13:55:57.988 [TestNG-tests-3] DEBUG io.netty.util.internal.CleanerJava6 - java.nio.ByteBuffer.cleaner(): available
2022-05-27 13:55:57.988 [TestNG-tests-3] DEBUG io.netty.util.internal.PlatformDependent - -Dio.netty.noPreferDirect: false
2022-05-27 13:55:57.996 [TestNG-tests-3] DEBUG io.netty.util.internal.PlatformDependent - org.jctools-core.MpscChunkedArrayQueue: available
2022-05-27 13:55:58.014 [TestNG-tests-3] DEBUG io.netty.util.internal.InternalThreadLocalMap - -Dio.netty.threadLocalMap.stringBuilder.initialSize: 1024
2022-05-27 13:55:58.015 [TestNG-tests-3] DEBUG io.netty.util.internal.InternalThreadLocalMap - -Dio.netty.threadLocalMap.stringBuilder.maxSize: 4096
2022-05-27 13:55:58.042 [TestNG-tests-3] DEBUG io.netty.handler.ssl.JdkSslContext - Default protocols (JDK): [TLSv1.2] 
2022-05-27 13:55:58.042 [TestNG-tests-3] DEBUG io.netty.handler.ssl.JdkSslContext - Default cipher suites (JDK): [TLS_ECDHE_ECDSA_WITH_AES_256_GCM_SHA384, TLS_ECDHE_ECDSA_WITH_AES_128_GCM_SHA256, TLS_ECDHE_RSA_WITH_AES_128_GCM_SHA256, TLS_ECDHE_RSA_WITH_AES_256_GCM_SHA384, TLS_ECDHE_RSA_WITH_AES_128_CBC_SHA, TLS_ECDHE_RSA_WITH_AES_256_CBC_SHA, TLS_RSA_WITH_AES_128_GCM_SHA256, TLS_RSA_WITH_AES_128_CBC_SHA, TLS_RSA_WITH_AES_256_CBC_SHA, TLS_AES_128_GCM_SHA256, TLS_AES_256_GCM_SHA384]
2022-05-27 13:55:58.061 [TestNG-tests-3] DEBUG io.netty.channel.MultithreadEventLoopGroup - -Dio.netty.eventLoopThreads: 16
2022-05-27 13:55:58.067 [TestNG-tests-3] DEBUG io.netty.channel.nio.NioEventLoop - -Dio.netty.noKeySetOptimization: false
2022-05-27 13:55:58.067 [TestNG-tests-3] DEBUG io.netty.channel.nio.NioEventLoop - -Dio.netty.selectorAutoRebuildThreshold: 512
2022-05-27 13:55:58.070 [TestNG-tests-3] TRACE io.netty.channel.nio.NioEventLoop - instrumented a special java.util.Set into: sun.nio.ch.EPollSelectorImpl@7e58c53f
2022-05-27 13:55:58.070 [TestNG-tests-3] TRACE io.netty.channel.nio.NioEventLoop - instrumented a special java.util.Set into: sun.nio.ch.EPollSelectorImpl@73c177ad
2022-05-27 13:55:58.070 [TestNG-tests-3] TRACE io.netty.channel.nio.NioEventLoop - instrumented a special java.util.Set into: sun.nio.ch.EPollSelectorImpl@4b0835d7
2022-05-27 13:55:58.070 [TestNG-tests-3] TRACE io.netty.channel.nio.NioEventLoop - instrumented a special java.util.Set into: sun.nio.ch.EPollSelectorImpl@3f3858b7
2022-05-27 13:55:58.070 [TestNG-tests-3] TRACE io.netty.channel.nio.NioEventLoop - instrumented a special java.util.Set into: sun.nio.ch.EPollSelectorImpl@5bf2fff7
2022-05-27 13:55:58.070 [TestNG-tests-3] TRACE io.netty.channel.nio.NioEventLoop - instrumented a special java.util.Set into: sun.nio.ch.EPollSelectorImpl@23f6973b
2022-05-27 13:55:58.071 [TestNG-tests-3] TRACE io.netty.channel.nio.NioEventLoop - instrumented a special java.util.Set into: sun.nio.ch.EPollSelectorImpl@29dab81f
2022-05-27 13:55:58.071 [TestNG-tests-3] TRACE io.netty.channel.nio.NioEventLoop - instrumented a special java.util.Set into: sun.nio.ch.EPollSelectorImpl@545ab073
2022-05-27 13:55:58.071 [TestNG-tests-3] TRACE io.netty.channel.nio.NioEventLoop - instrumented a special java.util.Set into: sun.nio.ch.EPollSelectorImpl@189be048
2022-05-27 13:55:58.071 [TestNG-tests-3] TRACE io.netty.channel.nio.NioEventLoop - instrumented a special java.util.Set into: sun.nio.ch.EPollSelectorImpl@f43e32f
2022-05-27 13:55:58.071 [TestNG-tests-3] TRACE io.netty.channel.nio.NioEventLoop - instrumented a special java.util.Set into: sun.nio.ch.EPollSelectorImpl@7325a898
2022-05-27 13:55:58.071 [TestNG-tests-3] TRACE io.netty.channel.nio.NioEventLoop - instrumented a special java.util.Set into: sun.nio.ch.EPollSelectorImpl@72fd47a7
2022-05-27 13:55:58.071 [TestNG-tests-3] TRACE io.netty.channel.nio.NioEventLoop - instrumented a special java.util.Set into: sun.nio.ch.EPollSelectorImpl@35a36010
2022-05-27 13:55:58.071 [TestNG-tests-3] TRACE io.netty.channel.nio.NioEventLoop - instrumented a special java.util.Set into: sun.nio.ch.EPollSelectorImpl@2569a710
2022-05-27 13:55:58.071 [TestNG-tests-3] TRACE io.netty.channel.nio.NioEventLoop - instrumented a special java.util.Set into: sun.nio.ch.EPollSelectorImpl@7bd6ba4d
2022-05-27 13:55:58.071 [TestNG-tests-3] TRACE io.netty.channel.nio.NioEventLoop - instrumented a special java.util.Set into: sun.nio.ch.EPollSelectorImpl@630e0aef
2022-05-27 13:55:58.092 [TestNG-tests-3] DEBUG io.netty.buffer.PooledByteBufAllocator - -Dio.netty.allocator.numHeapArenas: 16
2022-05-27 13:55:58.092 [TestNG-tests-3] DEBUG io.netty.buffer.PooledByteBufAllocator - -Dio.netty.allocator.numDirectArenas: 16
2022-05-27 13:55:58.092 [TestNG-tests-3] DEBUG io.netty.buffer.PooledByteBufAllocator - -Dio.netty.allocator.pageSize: 8192
2022-05-27 13:55:58.092 [TestNG-tests-3] DEBUG io.netty.buffer.PooledByteBufAllocator - -Dio.netty.allocator.maxOrder: 9
2022-05-27 13:55:58.092 [TestNG-tests-3] DEBUG io.netty.buffer.PooledByteBufAllocator - -Dio.netty.allocator.chunkSize: 4194304
2022-05-27 13:55:58.092 [TestNG-tests-3] DEBUG io.netty.buffer.PooledByteBufAllocator - -Dio.netty.allocator.smallCacheSize: 256
2022-05-27 13:55:58.092 [TestNG-tests-3] DEBUG io.netty.buffer.PooledByteBufAllocator - -Dio.netty.allocator.normalCacheSize: 64
2022-05-27 13:55:58.092 [TestNG-tests-3] DEBUG io.netty.buffer.PooledByteBufAllocator - -Dio.netty.allocator.maxCachedBufferCapacity: 32768
2022-05-27 13:55:58.092 [TestNG-tests-3] DEBUG io.netty.buffer.PooledByteBufAllocator - -Dio.netty.allocator.cacheTrimInterval: 8192
2022-05-27 13:55:58.092 [TestNG-tests-3] DEBUG io.netty.buffer.PooledByteBufAllocator - -Dio.netty.allocator.cacheTrimIntervalMillis: 0
2022-05-27 13:55:58.092 [TestNG-tests-3] DEBUG io.netty.buffer.PooledByteBufAllocator - -Dio.netty.allocator.useCacheForAllThreads: false
2022-05-27 13:55:58.092 [TestNG-tests-3] DEBUG io.netty.buffer.PooledByteBufAllocator - -Dio.netty.allocator.maxCachedByteBuffersPerChunk: 1023
2022-05-27 13:55:58.107 [TestNG-tests-3] DEBUG io.netty.buffer.ByteBufUtil - -Dio.netty.allocator.type: pooled
2022-05-27 13:55:58.107 [TestNG-tests-3] DEBUG io.netty.buffer.ByteBufUtil - -Dio.netty.threadLocalDirectBufferSize: 0
2022-05-27 13:55:58.107 [TestNG-tests-3] DEBUG io.netty.buffer.ByteBufUtil - -Dio.netty.maxThreadLocalCharBufferSize: 16384
2022-05-27 13:55:58.408 [Forwarding newSession on session null to remote] DEBUG io.netty.channel.DefaultChannelId - -Dio.netty.processId: 59338 (auto-detected)
2022-05-27 13:55:58.411 [Forwarding newSession on session null to remote] DEBUG io.netty.util.NetUtil - -Djava.net.preferIPv4Stack: false
2022-05-27 13:55:58.411 [Forwarding newSession on session null to remote] DEBUG io.netty.util.NetUtil - -Djava.net.preferIPv6Addresses: false
2022-05-27 13:55:58.413 [Forwarding newSession on session null to remote] DEBUG io.netty.util.NetUtilInitializations - Loopback interface: lo (lo, 0:0:0:0:0:0:0:1%lo)
2022-05-27 13:55:58.414 [Forwarding newSession on session null to remote] DEBUG io.netty.util.NetUtil - /proc/sys/net/core/somaxconn: 4096
2022-05-27 13:55:58.415 [Forwarding newSession on session null to remote] DEBUG io.netty.channel.DefaultChannelId - -Dio.netty.machineId: 5c:e4:2a:ff:fe:f8:d9:46 (auto-detected)
2022-05-27 13:55:58.461 [AsyncHttpClient-1-3] DEBUG io.netty.buffer.AbstractByteBuf - -Dio.netty.buffer.checkAccessible: true
2022-05-27 13:55:58.461 [AsyncHttpClient-1-3] DEBUG io.netty.buffer.AbstractByteBuf - -Dio.netty.buffer.checkBounds: true
2022-05-27 13:55:58.461 [AsyncHttpClient-1-3] DEBUG io.netty.util.ResourceLeakDetectorFactory - Loaded default ResourceLeakDetector: io.netty.util.ResourceLeakDetector@70f0dbcd
2022-05-27 13:55:58.480 [AsyncHttpClient-1-6] DEBUG io.netty.util.Recycler - -Dio.netty.recycler.maxCapacityPerThread: 4096
2022-05-27 13:55:58.481 [AsyncHttpClient-1-6] DEBUG io.netty.util.Recycler - -Dio.netty.recycler.ratio: 8
2022-05-27 13:55:58.481 [AsyncHttpClient-1-6] DEBUG io.netty.util.Recycler - -Dio.netty.recycler.chunkSize: 32
2022-05-27 13:55:58.481 [AsyncHttpClient-1-6] DEBUG io.netty.util.Recycler - -Dio.netty.recycler.blocking: false
2022-05-27 13:55:59.169 [AsyncHttpClient-1-2] DEBUG io.netty.handler.codec.compression.Brotli - brotli4j not in the classpath; Brotli support will be unavailable.
2022-05-27 13:55:59.350 [TestNG-tests-2] DEBUG io.netty.util.internal.ThreadLocalRandom - -Dio.netty.initialSeedUniquifier: 0xa15282dcb6c74024
2022-05-27 13:56:07.177 [TestNG-tests-1] INFO  action.CriarContaAction - Indo para a página principal
2022-05-27 13:56:09.497 [TestNG-tests-1] INFO  action.CriarContaAction - Clicado no botão signIn
2022-05-27 13:56:09.710 [TestNG-tests-1] INFO  action.CriarContaAction - Inserindo email
2022-05-27 13:56:09.831 [TestNG-tests-1] INFO  action.CriarContaAction - Clicando no botão para criar conta
2022-05-27 13:56:12.279 [TestNG-tests-4] INFO  test.ValidateNavigation - Navengando para home page
2022-05-27 13:56:12.408 [TestNG-tests-4] INFO  test.ValidateNavigation - Título validado com sucesso!
2022-05-27 13:56:12.504 [TestNG-tests-4] INFO  test.ValidateNavigation - NavBar validada com sucesso!
2022-05-27 13:56:21.000 [TestNG-tests-1] ERROR listeners.Listeners - realizarCadastroTest Teste falhou
2022-05-27 13:56:21.897 [TestNG-tests-5] INFO  test.ValidateTitleTest - Navegando para home page
2022-05-27 13:56:22.611 [TestNG-tests-5] ERROR listeners.Listeners - validarLogin Teste falhou
2022-05-27 13:56:24.211 [TestNG-tests-2] INFO  test.LoginTest - Navegando para home page
2022-05-27 13:56:24.531 [TestNG-tests-2] INFO  test.LoginTest - Modal fechado com sucesso
2022-05-27 13:56:26.683 [TestNG-tests-2] INFO  test.LoginTest - Indo pra página de login
2022-05-27 13:56:26.800 [TestNG-tests-2] INFO  test.LoginTest - Inserindo e-mail
2022-05-27 13:56:26.942 [TestNG-tests-2] INFO  test.LoginTest - Inserindo senha
2022-05-27 13:56:26.942 [TestNG-tests-2] INFO  test.LoginTest - restricted user
2022-05-27 13:56:27.587 [TestNG-tests-2] INFO  test.LoginTest - Apertando no botão de login
2022-05-27 13:56:29.345 [TestNG-tests-3] ERROR listeners.Listeners - fazerCompra Teste falhou
2022-05-27 13:56:59.142 [TestNG-tests-2] ERROR listeners.Listeners - login Teste falhou
2022-05-27 13:56:59.343 [AsyncHttpClient-1-12] TRACE io.netty.handler.codec.http.websocketx.WebSocket08FrameEncoder - Encoding WebSocket Frame opCode=8 length=26
2022-05-27 13:56:59.375 [AsyncHttpClient-1-16] TRACE io.netty.handler.codec.http.websocketx.WebSocket08FrameEncoder - Encoding WebSocket Frame opCode=8 length=26
2022-05-27 13:56:59.375 [AsyncHttpClient-1-15] TRACE io.netty.handler.codec.http.websocketx.WebSocket08FrameEncoder - Encoding WebSocket Frame opCode=8 length=26
