2022-05-26 11:09:23.179 [TestNG-tests-1] INFO  action.CriarContaAction - Instanciando page object: home page
2022-05-26 11:09:23.181 [TestNG-tests-1] INFO  action.CriarContaAction - Instanciando page object: login page
2022-05-26 11:09:23.181 [TestNG-tests-1] INFO  action.CriarContaAction - Instanciando page object: criar conta page
2022-05-26 11:09:23.181 [TestNG-tests-1] INFO  action.CriarContaAction - Instanciando page object: home page
2022-05-26 11:09:23.182 [TestNG-tests-2] INFO  test.LoginTest - Instanciando page object: landing page
2022-05-26 11:09:23.182 [TestNG-tests-5] INFO  test.ValidateTitleTest - Instanciando Page Object: LandingPage
2022-05-26 11:09:23.182 [TestNG-tests-4] INFO  test.ValidateNavigation - Instanciando page object: landing page
2022-05-26 11:09:23.183 [TestNG-tests-2] INFO  test.LoginTest - Instanciando page object: login page
2022-05-26 11:09:23.183 [TestNG-tests-2] INFO  test.LoginTest - Instanciando page object: ForgotPassword
2022-05-26 11:09:23.184 [TestNG-tests-2] INFO  test.LoginTest - Configurando browser para abrir com firefox
2022-05-26 11:09:23.533 [TestNG-tests-2] DEBUG io.netty.util.internal.logging.InternalLoggerFactory - Using Log4J2 as the default logging framework
2022-05-26 11:09:23.536 [TestNG-tests-2] DEBUG io.netty.util.ResourceLeakDetector - -Dio.netty.leakDetection.level: simple
2022-05-26 11:09:23.537 [TestNG-tests-2] DEBUG io.netty.util.ResourceLeakDetector - -Dio.netty.leakDetection.targetRecords: 4
2022-05-26 11:09:23.540 [TestNG-tests-2] DEBUG io.netty.util.ResourceLeakDetectorFactory - Loaded default ResourceLeakDetector: io.netty.util.ResourceLeakDetector@7928cd0f
2022-05-26 11:09:23.551 [TestNG-tests-2] DEBUG io.netty.util.internal.PlatformDependent0 - -Dio.netty.noUnsafe: false
2022-05-26 11:09:23.552 [TestNG-tests-2] DEBUG io.netty.util.internal.PlatformDependent0 - Java version: 8
2022-05-26 11:09:23.553 [TestNG-tests-2] DEBUG io.netty.util.internal.PlatformDependent0 - sun.misc.Unsafe.theUnsafe: available
2022-05-26 11:09:23.553 [TestNG-tests-2] DEBUG io.netty.util.internal.PlatformDependent0 - sun.misc.Unsafe.copyMemory: available
2022-05-26 11:09:23.554 [TestNG-tests-2] DEBUG io.netty.util.internal.PlatformDependent0 - java.nio.Buffer.address: available
2022-05-26 11:09:23.555 [TestNG-tests-2] DEBUG io.netty.util.internal.PlatformDependent0 - direct buffer constructor: available
2022-05-26 11:09:23.555 [TestNG-tests-2] DEBUG io.netty.util.internal.PlatformDependent0 - java.nio.Bits.unaligned: available, true
2022-05-26 11:09:23.556 [TestNG-tests-2] DEBUG io.netty.util.internal.PlatformDependent0 - jdk.internal.misc.Unsafe.allocateUninitializedArray(int): unavailable prior to Java9
2022-05-26 11:09:23.556 [TestNG-tests-2] DEBUG io.netty.util.internal.PlatformDependent0 - java.nio.DirectByteBuffer.<init>(long, int): available
2022-05-26 11:09:23.556 [TestNG-tests-2] DEBUG io.netty.util.internal.PlatformDependent - sun.misc.Unsafe: available
2022-05-26 11:09:23.556 [TestNG-tests-2] DEBUG io.netty.util.internal.PlatformDependent - -Dio.netty.tmpdir: /tmp (java.io.tmpdir)
2022-05-26 11:09:23.556 [TestNG-tests-2] DEBUG io.netty.util.internal.PlatformDependent - -Dio.netty.bitMode: 64 (sun.arch.data.model)
2022-05-26 11:09:23.558 [TestNG-tests-2] DEBUG io.netty.util.internal.PlatformDependent - -Dio.netty.maxDirectMemory: 3659530240 bytes
2022-05-26 11:09:23.558 [TestNG-tests-2] DEBUG io.netty.util.internal.PlatformDependent - -Dio.netty.uninitializedArrayAllocationThreshold: -1
2022-05-26 11:09:23.559 [TestNG-tests-2] DEBUG io.netty.util.internal.CleanerJava6 - java.nio.ByteBuffer.cleaner(): available
2022-05-26 11:09:23.559 [TestNG-tests-2] DEBUG io.netty.util.internal.PlatformDependent - -Dio.netty.noPreferDirect: false
2022-05-26 11:09:23.566 [TestNG-tests-2] DEBUG io.netty.util.internal.PlatformDependent - org.jctools-core.MpscChunkedArrayQueue: available
2022-05-26 11:09:23.579 [TestNG-tests-2] DEBUG io.netty.util.internal.InternalThreadLocalMap - -Dio.netty.threadLocalMap.stringBuilder.initialSize: 1024
2022-05-26 11:09:23.579 [TestNG-tests-2] DEBUG io.netty.util.internal.InternalThreadLocalMap - -Dio.netty.threadLocalMap.stringBuilder.maxSize: 4096
2022-05-26 11:09:23.595 [TestNG-tests-2] DEBUG io.netty.handler.ssl.JdkSslContext - Default protocols (JDK): [TLSv1.2] 
2022-05-26 11:09:23.595 [TestNG-tests-2] DEBUG io.netty.handler.ssl.JdkSslContext - Default cipher suites (JDK): [TLS_ECDHE_ECDSA_WITH_AES_256_GCM_SHA384, TLS_ECDHE_ECDSA_WITH_AES_128_GCM_SHA256, TLS_ECDHE_RSA_WITH_AES_128_GCM_SHA256, TLS_ECDHE_RSA_WITH_AES_256_GCM_SHA384, TLS_ECDHE_RSA_WITH_AES_128_CBC_SHA, TLS_ECDHE_RSA_WITH_AES_256_CBC_SHA, TLS_RSA_WITH_AES_128_GCM_SHA256, TLS_RSA_WITH_AES_128_CBC_SHA, TLS_RSA_WITH_AES_256_CBC_SHA, TLS_AES_128_GCM_SHA256, TLS_AES_256_GCM_SHA384]
2022-05-26 11:09:23.612 [TestNG-tests-2] DEBUG io.netty.channel.MultithreadEventLoopGroup - -Dio.netty.eventLoopThreads: 16
2022-05-26 11:09:23.617 [TestNG-tests-2] DEBUG io.netty.channel.nio.NioEventLoop - -Dio.netty.noKeySetOptimization: false
2022-05-26 11:09:23.617 [TestNG-tests-2] DEBUG io.netty.channel.nio.NioEventLoop - -Dio.netty.selectorAutoRebuildThreshold: 512
2022-05-26 11:09:23.618 [TestNG-tests-2] TRACE io.netty.channel.nio.NioEventLoop - instrumented a special java.util.Set into: sun.nio.ch.EPollSelectorImpl@10cf30eb
2022-05-26 11:09:23.619 [TestNG-tests-2] TRACE io.netty.channel.nio.NioEventLoop - instrumented a special java.util.Set into: sun.nio.ch.EPollSelectorImpl@23381af0
2022-05-26 11:09:23.619 [TestNG-tests-2] TRACE io.netty.channel.nio.NioEventLoop - instrumented a special java.util.Set into: sun.nio.ch.EPollSelectorImpl@4a992e14
2022-05-26 11:09:23.619 [TestNG-tests-2] TRACE io.netty.channel.nio.NioEventLoop - instrumented a special java.util.Set into: sun.nio.ch.EPollSelectorImpl@50d01141
2022-05-26 11:09:23.619 [TestNG-tests-2] TRACE io.netty.channel.nio.NioEventLoop - instrumented a special java.util.Set into: sun.nio.ch.EPollSelectorImpl@2506458e
2022-05-26 11:09:23.619 [TestNG-tests-2] TRACE io.netty.channel.nio.NioEventLoop - instrumented a special java.util.Set into: sun.nio.ch.EPollSelectorImpl@468a2444
2022-05-26 11:09:23.619 [TestNG-tests-2] TRACE io.netty.channel.nio.NioEventLoop - instrumented a special java.util.Set into: sun.nio.ch.EPollSelectorImpl@45e05b0f
2022-05-26 11:09:23.619 [TestNG-tests-2] TRACE io.netty.channel.nio.NioEventLoop - instrumented a special java.util.Set into: sun.nio.ch.EPollSelectorImpl@15ea10eb
2022-05-26 11:09:23.619 [TestNG-tests-2] TRACE io.netty.channel.nio.NioEventLoop - instrumented a special java.util.Set into: sun.nio.ch.EPollSelectorImpl@2570ded
2022-05-26 11:09:23.620 [TestNG-tests-2] TRACE io.netty.channel.nio.NioEventLoop - instrumented a special java.util.Set into: sun.nio.ch.EPollSelectorImpl@1568b1e7
2022-05-26 11:09:23.620 [TestNG-tests-2] TRACE io.netty.channel.nio.NioEventLoop - instrumented a special java.util.Set into: sun.nio.ch.EPollSelectorImpl@5217a866
2022-05-26 11:09:23.620 [TestNG-tests-2] TRACE io.netty.channel.nio.NioEventLoop - instrumented a special java.util.Set into: sun.nio.ch.EPollSelectorImpl@173f8787
2022-05-26 11:09:23.620 [TestNG-tests-2] TRACE io.netty.channel.nio.NioEventLoop - instrumented a special java.util.Set into: sun.nio.ch.EPollSelectorImpl@2d3dd8e8
2022-05-26 11:09:23.620 [TestNG-tests-2] TRACE io.netty.channel.nio.NioEventLoop - instrumented a special java.util.Set into: sun.nio.ch.EPollSelectorImpl@7d8ab321
2022-05-26 11:09:23.620 [TestNG-tests-2] TRACE io.netty.channel.nio.NioEventLoop - instrumented a special java.util.Set into: sun.nio.ch.EPollSelectorImpl@1231706e
2022-05-26 11:09:23.620 [TestNG-tests-2] TRACE io.netty.channel.nio.NioEventLoop - instrumented a special java.util.Set into: sun.nio.ch.EPollSelectorImpl@79d9de10
2022-05-26 11:09:23.644 [TestNG-tests-2] DEBUG io.netty.buffer.PooledByteBufAllocator - -Dio.netty.allocator.numHeapArenas: 16
2022-05-26 11:09:23.645 [TestNG-tests-2] DEBUG io.netty.buffer.PooledByteBufAllocator - -Dio.netty.allocator.numDirectArenas: 16
2022-05-26 11:09:23.645 [TestNG-tests-2] DEBUG io.netty.buffer.PooledByteBufAllocator - -Dio.netty.allocator.pageSize: 8192
2022-05-26 11:09:23.645 [TestNG-tests-2] DEBUG io.netty.buffer.PooledByteBufAllocator - -Dio.netty.allocator.maxOrder: 9
2022-05-26 11:09:23.645 [TestNG-tests-2] DEBUG io.netty.buffer.PooledByteBufAllocator - -Dio.netty.allocator.chunkSize: 4194304
2022-05-26 11:09:23.645 [TestNG-tests-2] DEBUG io.netty.buffer.PooledByteBufAllocator - -Dio.netty.allocator.smallCacheSize: 256
2022-05-26 11:09:23.645 [TestNG-tests-2] DEBUG io.netty.buffer.PooledByteBufAllocator - -Dio.netty.allocator.normalCacheSize: 64
2022-05-26 11:09:23.645 [TestNG-tests-2] DEBUG io.netty.buffer.PooledByteBufAllocator - -Dio.netty.allocator.maxCachedBufferCapacity: 32768
2022-05-26 11:09:23.645 [TestNG-tests-2] DEBUG io.netty.buffer.PooledByteBufAllocator - -Dio.netty.allocator.cacheTrimInterval: 8192
2022-05-26 11:09:23.645 [TestNG-tests-2] DEBUG io.netty.buffer.PooledByteBufAllocator - -Dio.netty.allocator.cacheTrimIntervalMillis: 0
2022-05-26 11:09:23.645 [TestNG-tests-2] DEBUG io.netty.buffer.PooledByteBufAllocator - -Dio.netty.allocator.useCacheForAllThreads: false
2022-05-26 11:09:23.645 [TestNG-tests-2] DEBUG io.netty.buffer.PooledByteBufAllocator - -Dio.netty.allocator.maxCachedByteBuffersPerChunk: 1023
2022-05-26 11:09:23.651 [TestNG-tests-2] DEBUG io.netty.buffer.ByteBufUtil - -Dio.netty.allocator.type: pooled
2022-05-26 11:09:23.652 [TestNG-tests-2] DEBUG io.netty.buffer.ByteBufUtil - -Dio.netty.threadLocalDirectBufferSize: 0
2022-05-26 11:09:23.652 [TestNG-tests-2] DEBUG io.netty.buffer.ByteBufUtil - -Dio.netty.maxThreadLocalCharBufferSize: 16384
2022-05-26 11:09:23.903 [Forwarding newSession on session null to remote] DEBUG io.netty.channel.DefaultChannelId - -Dio.netty.processId: 24806 (auto-detected)
2022-05-26 11:09:23.904 [Forwarding newSession on session null to remote] DEBUG io.netty.util.NetUtil - -Djava.net.preferIPv4Stack: false
2022-05-26 11:09:23.904 [Forwarding newSession on session null to remote] DEBUG io.netty.util.NetUtil - -Djava.net.preferIPv6Addresses: false
2022-05-26 11:09:23.906 [Forwarding newSession on session null to remote] DEBUG io.netty.util.NetUtilInitializations - Loopback interface: lo (lo, 0:0:0:0:0:0:0:1%lo)
2022-05-26 11:09:23.907 [Forwarding newSession on session null to remote] DEBUG io.netty.util.NetUtil - /proc/sys/net/core/somaxconn: 4096
2022-05-26 11:09:23.908 [Forwarding newSession on session null to remote] DEBUG io.netty.channel.DefaultChannelId - -Dio.netty.machineId: 5c:e4:2a:ff:fe:f8:d9:46 (auto-detected)
2022-05-26 11:09:23.940 [AsyncHttpClient-1-5] DEBUG io.netty.buffer.AbstractByteBuf - -Dio.netty.buffer.checkAccessible: true
2022-05-26 11:09:23.940 [AsyncHttpClient-1-5] DEBUG io.netty.buffer.AbstractByteBuf - -Dio.netty.buffer.checkBounds: true
2022-05-26 11:09:23.941 [AsyncHttpClient-1-5] DEBUG io.netty.util.ResourceLeakDetectorFactory - Loaded default ResourceLeakDetector: io.netty.util.ResourceLeakDetector@42509a1c
2022-05-26 11:09:23.959 [AsyncHttpClient-1-6] DEBUG io.netty.util.Recycler - -Dio.netty.recycler.maxCapacityPerThread: 4096
2022-05-26 11:09:23.959 [AsyncHttpClient-1-6] DEBUG io.netty.util.Recycler - -Dio.netty.recycler.ratio: 8
2022-05-26 11:09:23.959 [AsyncHttpClient-1-6] DEBUG io.netty.util.Recycler - -Dio.netty.recycler.chunkSize: 32
2022-05-26 11:09:23.959 [AsyncHttpClient-1-6] DEBUG io.netty.util.Recycler - -Dio.netty.recycler.blocking: false
2022-05-26 11:09:24.574 [AsyncHttpClient-1-2] DEBUG io.netty.handler.codec.compression.Brotli - brotli4j not in the classpath; Brotli support will be unavailable.
2022-05-26 11:09:24.873 [TestNG-tests-4] DEBUG io.netty.util.internal.ThreadLocalRandom - -Dio.netty.initialSeedUniquifier: 0xfc190b7b9a6f02c9
2022-05-26 11:09:32.509 [TestNG-tests-4] INFO  test.ValidateNavigation - Navengando para home page
2022-05-26 11:09:34.734 [TestNG-tests-5] INFO  test.ValidateTitleTest - Navegando para home page
2022-05-26 11:09:35.233 [TestNG-tests-2] INFO  test.LoginTest - Navegando para home page
2022-05-26 11:09:35.709 [TestNG-tests-1] INFO  action.CriarContaAction - Indo para a página principal
